c:\users\mirna\source\repos\doodle jump\debug\vc143.pdb
c:\users\mirna\source\repos\doodle jump\debug\vc143.idb
c:\users\mirna\source\repos\doodle jump\debug\state.obj
c:\users\mirna\source\repos\doodle jump\debug\menu.obj
c:\users\mirna\source\repos\doodle jump\debug\gamestate.obj
c:\users\mirna\source\repos\doodle jump\debug\platforms.obj
c:\users\mirna\source\repos\doodle jump\debug\gameobject.obj
c:\users\mirna\source\repos\doodle jump\debug\main.obj
c:\users\mirna\source\repos\doodle jump\debug\jumper.obj
c:\users\mirna\source\repos\doodle jump\debug\game.obj
c:\users\mirna\source\repos\doodle jump\debug\doodlesfml.ilk
c:\users\mirna\source\repos\doodle jump\debug\doodlesfml.exe
c:\users\mirna\source\repos\doodle jump\debug\doodlesfml.pdb
c:\users\mirna\source\repos\doodle jump\debug\doodlesfml.res
c:\users\mirna\source\repos\doodle jump\debug\doodlesfml.tlog\cl.command.1.tlog
c:\users\mirna\source\repos\doodle jump\debug\doodlesfml.tlog\cl.read.1.tlog
c:\users\mirna\source\repos\doodle jump\debug\doodlesfml.tlog\cl.write.1.tlog
c:\users\mirna\source\repos\doodle jump\debug\doodlesfml.tlog\link.command.1.tlog
c:\users\mirna\source\repos\doodle jump\debug\doodlesfml.tlog\link.read.1.tlog
c:\users\mirna\source\repos\doodle jump\debug\doodlesfml.tlog\link.write.1.tlog
c:\users\mirna\source\repos\doodle jump\debug\doodlesfml.tlog\rc.command.1.tlog
c:\users\mirna\source\repos\doodle jump\debug\doodlesfml.tlog\rc.read.1.tlog
c:\users\mirna\source\repos\doodle jump\debug\doodlesfml.tlog\rc.write.1.tlog
